<?xml version="1.0" encoding="UTF-8"?>
<!-- Generated by org.testng.reporters.JUnitReportReporter -->
<testsuite skipped="0" hostname="LAPTOP-04MOMSC6" name="framework.Dataprovider" tests="1" failures="0" timestamp="2020-03-24T12:54:27 IST" time="0.623" errors="0">
  <testcase name="data" time="0.623" classname="framework.Dataprovider"/>
</testsuite> <!-- framework.Dataprovider -->
