<?xml version="1.0" encoding="UTF-8"?>
<!-- Generated by org.testng.reporters.JUnitReportReporter -->
<testsuite hostname="LAPTOP-04MOMSC6" name="com.qa.testrunner.TestRunner" tests="1" failures="0" timestamp="3 Apr 2020 19:40:35 GMT" time="0.214" errors="0">
  <testcase name="feature" time="0.214" classname="com.qa.testrunner.TestRunner"/>
</testsuite> <!-- com.qa.testrunner.TestRunner -->
