<?xml version="1.0" encoding="UTF-8"?>
<!-- Generated by org.testng.reporters.JUnitReportReporter -->
<testsuite skipped="0" hostname="LAPTOP-04MOMSC6" name="com.raq.test.HomePageTest" tests="3" failures="0" timestamp="26 Jul 2019 08:37:42 GMT" time="8.651" errors="0">
  <testcase name="titleValidation" time="0.020" classname="com.raq.test.HomePageTest"/>
  <testcase name="imageValidation" time="0.115" classname="com.raq.test.HomePageTest"/>
  <testcase name="linkValidation" time="8.516" classname="com.raq.test.HomePageTest"/>
</testsuite> <!-- com.raq.test.HomePageTest -->
